0 info it worked if it ends with ok
1 verbose cli [ '/Users/eriwoole/.nvm/versions/node/v5.4.0/bin/node',
1 verbose cli   '/Users/eriwoole/.nvm/versions/node/v5.4.0/bin/npm',
1 verbose cli   'run',
1 verbose cli   'test' ]
2 info using npm@3.3.12
3 info using node@v5.4.0
4 verbose run-script [ 'pretest', 'test', 'posttest' ]
5 info lifecycle image-capture-test@0.0.1~pretest: image-capture-test@0.0.1
6 silly lifecycle image-capture-test@0.0.1~pretest: no script for pretest, continuing
7 info lifecycle image-capture-test@0.0.1~test: image-capture-test@0.0.1
8 verbose lifecycle image-capture-test@0.0.1~test: unsafe-perm in lifecycle true
9 verbose lifecycle image-capture-test@0.0.1~test: PATH: /Users/eriwoole/.nvm/versions/node/v5.4.0/lib/node_modules/npm/bin/node-gyp-bin:/Users/eriwoole/Projects/image-capture-test/node_modules/.bin:/Users/eriwoole/.nvm/versions/node/v5.4.0/bin:/Users/eriwoole/.rvm/gems/ruby-2.2.1/bin:/Users/eriwoole/.rvm/gems/ruby-2.2.1@global/bin:/Users/eriwoole/.rvm/rubies/ruby-2.2.1/bin:/Users/eriwoole/.rvm/bin:/usr/local/bin:/usr/bin:/bin:/usr/sbin:/sbin:/opt/X11/bin:/usr/local/MacGPG2/bin:/usr/local/munki
10 verbose lifecycle image-capture-test@0.0.1~test: CWD: /Users/eriwoole/Projects/image-capture-test
11 silly lifecycle image-capture-test@0.0.1~test: Args: [ '-c',
11 silly lifecycle   'rm -f out/* && npm run dev && node dist/machine-learning.js' ]
12 silly lifecycle image-capture-test@0.0.1~test: Returned: code: 134  signal: null
13 info lifecycle image-capture-test@0.0.1~test: Failed to exec test script
14 verbose stack Error: image-capture-test@0.0.1 test: `rm -f out/* && npm run dev && node dist/machine-learning.js`
14 verbose stack Exit status 134
14 verbose stack     at EventEmitter.<anonymous> (/Users/eriwoole/.nvm/versions/node/v5.4.0/lib/node_modules/npm/lib/utils/lifecycle.js:232:16)
14 verbose stack     at emitTwo (events.js:87:13)
14 verbose stack     at EventEmitter.emit (events.js:172:7)
14 verbose stack     at ChildProcess.<anonymous> (/Users/eriwoole/.nvm/versions/node/v5.4.0/lib/node_modules/npm/lib/utils/spawn.js:24:14)
14 verbose stack     at emitTwo (events.js:87:13)
14 verbose stack     at ChildProcess.emit (events.js:172:7)
14 verbose stack     at maybeClose (internal/child_process.js:821:16)
14 verbose stack     at Process.ChildProcess._handle.onexit (internal/child_process.js:211:5)
15 verbose pkgid image-capture-test@0.0.1
16 verbose cwd /Users/eriwoole/Projects/image-capture-test
17 error Darwin 14.4.0
18 error argv "/Users/eriwoole/.nvm/versions/node/v5.4.0/bin/node" "/Users/eriwoole/.nvm/versions/node/v5.4.0/bin/npm" "run" "test"
19 error node v5.4.0
20 error npm  v3.3.12
21 error code ELIFECYCLE
22 error image-capture-test@0.0.1 test: `rm -f out/* && npm run dev && node dist/machine-learning.js`
22 error Exit status 134
23 error Failed at the image-capture-test@0.0.1 test script 'rm -f out/* && npm run dev && node dist/machine-learning.js'.
23 error Make sure you have the latest version of node.js and npm installed.
23 error If you do, this is most likely a problem with the image-capture-test package,
23 error not with npm itself.
23 error Tell the author that this fails on your system:
23 error     rm -f out/* && npm run dev && node dist/machine-learning.js
23 error You can get their info via:
23 error     npm owner ls image-capture-test
23 error There is likely additional logging output above.
24 verbose exit [ 1, true ]
